[debug] [2024-12-08T05:43:01.455Z] ----------------------------------------------------------------------
[debug] [2024-12-08T05:43:01.456Z] Command:       /usr/local/bin/node /usr/local/bin/firebase init
[debug] [2024-12-08T05:43:01.456Z] CLI Version:   13.25.0
[debug] [2024-12-08T05:43:01.456Z] Platform:      darwin
[debug] [2024-12-08T05:43:01.456Z] Node Version:  v22.11.0
[debug] [2024-12-08T05:43:01.456Z] Time:          Sun Dec 08 2024 00:43:01 GMT-0500 (Eastern Standard Time)
[debug] [2024-12-08T05:43:01.456Z] ----------------------------------------------------------------------
[debug] 
[debug] [2024-12-08T05:43:01.457Z] >>> [apiv2][query] GET https://firebase-public.firebaseio.com/cli.json [none]
[debug] [2024-12-08T05:43:01.474Z] > command requires scopes: ["email","openid","https://www.googleapis.com/auth/cloudplatformprojects.readonly","https://www.googleapis.com/auth/firebase","https://www.googleapis.com/auth/cloud-platform"]
[debug] [2024-12-08T05:43:01.474Z] > authorizing via signed-in user (heeyaamin03@gmail.com)
[info] 
     ######## #### ########  ######## ########     ###     ######  ########
     ##        ##  ##     ## ##       ##     ##  ##   ##  ##       ##
     ######    ##  ########  ######   ########  #########  ######  ######
     ##        ##  ##    ##  ##       ##     ## ##     ##       ## ##
     ##       #### ##     ## ######## ########  ##     ##  ######  ########

You're about to initialize a Firebase project in this directory:

  /Users/heeyaamin/PycharmProjects/ECC/cloud-resource-frontend

[debug] [2024-12-08T05:43:01.702Z] <<< [apiv2][status] GET https://firebase-public.firebaseio.com/cli.json 200
[debug] [2024-12-08T05:43:01.703Z] <<< [apiv2][body] GET https://firebase-public.firebaseio.com/cli.json {"cloudBuildErrorAfter":1594252800000,"cloudBuildWarnAfter":1590019200000,"defaultNode10After":1594252800000,"minVersion":"3.0.5","node8DeploysDisabledAfter":1613390400000,"node8RuntimeDisabledAfter":1615809600000,"node8WarnAfter":1600128000000}
